Build started 2010-09-01 21:57:41.
     1>Project "c:\eProjects\flare_extractor\flare_extractor.vcxproj" on node 2 (build target(s)).
     1>InitializeBuildStatus:
         Creating ".\Debug\flare_extractor.unsuccessfulbuild" because "AlwaysCreate" was specified.
       ClCompile:
         C:\Program Files (x86)\Microsoft Visual Studio 10.0\VC\bin\CL.exe /c /ZI /nologo /W3 /WX- /Od /Oy- /D WIN32 /D _DEBUG /D _CONSOLE /D _VC80_UPGRADE=0x0600 /D _MBCS /Gm /EHsc /RTC1 /MTd /GS /Gy- /fp:precise /Zc:wchar_t /Zc:forScope /Fo".\Debug\\" /Fd".\Debug\vc100.pdb" /Gd /TC /analyze- /errorReport:prompt main.c
         main.c
     1>c:\eprojects\flare_extractor\main.c(48): warning C4996: 'fopen': This function or variable may be unsafe. Consider using fopen_s instead. To disable deprecation, use _CRT_SECURE_NO_WARNINGS. See online help for details.
                 c:\program files (x86)\microsoft visual studio 10.0\vc\include\stdio.h(234) : see declaration of 'fopen'
     1>c:\eprojects\flare_extractor\main.c(78): warning C4244: '=' : conversion from 'unsigned long' to 'unsigned short', possible loss of data
     1>c:\eprojects\flare_extractor\main.c(86): warning C4244: '=' : conversion from 'unsigned long' to 'unsigned short', possible loss of data
     1>c:\eprojects\flare_extractor\main.c(109): warning C4244: '=' : conversion from 'float' to 'int', possible loss of data
     1>c:\eprojects\flare_extractor\main.c(110): warning C4244: '=' : conversion from 'float' to 'int', possible loss of data
     1>c:\eprojects\flare_extractor\main.c(132): warning C4244: '=' : conversion from 'unsigned short' to 'unsigned char', possible loss of data
       ManifestResourceCompile:
         All outputs are up-to-date.
       Link:
         C:\Program Files (x86)\Microsoft Visual Studio 10.0\VC\bin\link.exe /ERRORREPORT:PROMPT /OUT:".\Debug\flare_extractor.exe" /INCREMENTAL /NOLOGO odbc32.lib odbccp32.lib flare_export.lib kernel32.lib user32.lib gdi32.lib winspool.lib comdlg32.lib advapi32.lib shell32.lib ole32.lib oleaut32.lib uuid.lib odbc32.lib odbccp32.lib /MANIFEST /ManifestFile:".\Debug\flare_extractor.exe.intermediate.manifest" /MANIFESTUAC:"level='asInvoker' uiAccess='false'" /DEBUG /PDB:"c:\eProjects\flare_extractor\Debug\flare_extractor.pdb" /SUBSYSTEM:CONSOLE /TLBID:1 /DYNAMICBASE /NXCOMPAT /IMPLIB:".\Debug\flare_extractor.lib" /MACHINE:X86 .\Debug\flare_extractor.exe.embed.manifest.res
         .\Debug\main.obj
       Manifest:
         C:\Program Files (x86)\Microsoft SDKs\Windows\v7.0A\bin\mt.exe /nologo /verbose /out:".\Debug\flare_extractor.exe.embed.manifest" /manifest .\Debug\flare_extractor.exe.intermediate.manifest
         All outputs are up-to-date.
       LinkEmbedManifest:
         All outputs are up-to-date.
         flare_extractor.vcxproj -> c:\eProjects\flare_extractor\.\Debug\flare_extractor.exe
       FinalizeBuildStatus:
         Deleting file ".\Debug\flare_extractor.unsuccessfulbuild".
         Touching ".\Debug\flare_extractor.lastbuildstate".
     1>Done Building Project "c:\eProjects\flare_extractor\flare_extractor.vcxproj" (build target(s)).

Build succeeded.

Time Elapsed 00:00:00.40
