Build started 2010-09-01 21:44:42.
     1>Project "c:\eProjects\flare_extractor.points\flare_extractor.vcxproj" on node 2 (build target(s)).
     1>InitializeBuildStatus:
         Touching ".\Debug\flare_extractor.unsuccessfulbuild".
       ClCompile:
         C:\Program Files (x86)\Microsoft Visual Studio 10.0\VC\bin\CL.exe /c /ZI /nologo /W3 /WX- /Od /Oy- /D WIN32 /D _DEBUG /D _CONSOLE /D _VC80_UPGRADE=0x0600 /D _MBCS /Gm /EHsc /RTC1 /MTd /GS /Gy- /fp:precise /Zc:wchar_t /Zc:forScope /Fo".\Debug\\" /Fd".\Debug\vc100.pdb" /Gd /TC /analyze- /errorReport:prompt main.c
         main.c
     1>c:\eprojects\flare_extractor.points\main.c(48): warning C4996: 'fopen': This function or variable may be unsafe. Consider using fopen_s instead. To disable deprecation, use _CRT_SECURE_NO_WARNINGS. See online help for details.
                 c:\program files (x86)\microsoft visual studio 10.0\vc\include\stdio.h(234) : see declaration of 'fopen'
     1>c:\eprojects\flare_extractor.points\main.c(53): warning C4244: '=' : conversion from 'int32' to 'short', possible loss of data
     1>c:\eprojects\flare_extractor.points\main.c(58): warning C4244: '=' : conversion from 'int32' to 'short', possible loss of data
     1>c:\eprojects\flare_extractor.points\main.c(107): warning C4244: '=' : conversion from 'float' to 'short', possible loss of data
     1>c:\eprojects\flare_extractor.points\main.c(108): warning C4244: '=' : conversion from 'float' to 'short', possible loss of data
     1>c:\eprojects\flare_extractor.points\main.c(124): warning C4244: '=' : conversion from 'float' to 'short', possible loss of data
     1>c:\eprojects\flare_extractor.points\main.c(125): warning C4244: '=' : conversion from 'float' to 'short', possible loss of data
     1>c:\eprojects\flare_extractor.points\main.c(37): warning C4101: 'myscreen' : unreferenced local variable
     1>c:\eprojects\flare_extractor.points\main.c(32): warning C4101: 'kn' : unreferenced local variable
     1>c:\eprojects\flare_extractor.points\main.c(36): warning C4101: 'o1' : unreferenced local variable
       ManifestResourceCompile:
         All outputs are up-to-date.
       Link:
         C:\Program Files (x86)\Microsoft Visual Studio 10.0\VC\bin\link.exe /ERRORREPORT:PROMPT /OUT:".\Debug\flare_extractor.exe" /INCREMENTAL /NOLOGO odbc32.lib odbccp32.lib flare_export.lib kernel32.lib user32.lib gdi32.lib winspool.lib comdlg32.lib advapi32.lib shell32.lib ole32.lib oleaut32.lib uuid.lib odbc32.lib odbccp32.lib /MANIFEST /ManifestFile:".\Debug\flare_extractor.exe.intermediate.manifest" /MANIFESTUAC:"level='asInvoker' uiAccess='false'" /DEBUG /PDB:"c:\eProjects\flare_extractor.points\Debug\flare_extractor.pdb" /SUBSYSTEM:CONSOLE /TLBID:1 /DYNAMICBASE /NXCOMPAT /IMPLIB:".\Debug\flare_extractor.lib" /MACHINE:X86 .\Debug\flare_extractor.exe.embed.manifest.res
         .\Debug\main.obj
       Manifest:
         C:\Program Files (x86)\Microsoft SDKs\Windows\v7.0A\bin\mt.exe /nologo /verbose /out:".\Debug\flare_extractor.exe.embed.manifest" /manifest .\Debug\flare_extractor.exe.intermediate.manifest
         C:\Program Files (x86)\Microsoft SDKs\Windows\v7.0A\bin\rc.exe /nologo /fo".\Debug\flare_extractor.exe.embed.manifest.res" .\Debug\flare_extractor_manifest.rc 
       LinkEmbedManifest:
         C:\Program Files (x86)\Microsoft Visual Studio 10.0\VC\bin\link.exe /ERRORREPORT:PROMPT /OUT:".\Debug\flare_extractor.exe" /INCREMENTAL /NOLOGO odbc32.lib odbccp32.lib flare_export.lib kernel32.lib user32.lib gdi32.lib winspool.lib comdlg32.lib advapi32.lib shell32.lib ole32.lib oleaut32.lib uuid.lib odbc32.lib odbccp32.lib /MANIFEST /ManifestFile:".\Debug\flare_extractor.exe.intermediate.manifest" /MANIFESTUAC:"level='asInvoker' uiAccess='false'" /DEBUG /PDB:"c:\eProjects\flare_extractor.points\Debug\flare_extractor.pdb" /SUBSYSTEM:CONSOLE /TLBID:1 /DYNAMICBASE /NXCOMPAT /IMPLIB:".\Debug\flare_extractor.lib" /MACHINE:X86 .\Debug\flare_extractor.exe.embed.manifest.res
         .\Debug\main.obj
         flare_extractor.vcxproj -> c:\eProjects\flare_extractor.points\.\Debug\flare_extractor.exe
       FinalizeBuildStatus:
         Deleting file ".\Debug\flare_extractor.unsuccessfulbuild".
         Touching ".\Debug\flare_extractor.lastbuildstate".
     1>Done Building Project "c:\eProjects\flare_extractor.points\flare_extractor.vcxproj" (build target(s)).

Build succeeded.

Time Elapsed 00:00:01.62
