.\Debug\flare_extractor.pdb
c:\eProjects\flare_extractor.points\.\Debug\flare_extractor.exe.intermediate.manifest
c:\eProjects\flare_extractor.points\Debug\cl.command.1.tlog
c:\eProjects\flare_extractor.points\Debug\CL.read.1.tlog
c:\eProjects\flare_extractor.points\Debug\CL.write.1.tlog
c:\eProjects\flare_extractor.points\Debug\flare_extractor.exe.embed.manifest
C:\EPROJECTS\FLARE_EXTRACTOR.POINTS\DEBUG\FLARE_EXTRACTOR.EXE.EMBED.MANIFEST.RES
c:\eProjects\flare_extractor.points\Debug\flare_extractor.exe.intermediate.manifest
c:\eProjects\flare_extractor.points\Debug\flare_extractor.pdb
c:\eProjects\flare_extractor.points\Debug\flare_extractor_manifest.rc
c:\eProjects\flare_extractor.points\Debug\link.command.1.tlog
c:\eProjects\flare_extractor.points\Debug\link.read.1.tlog
c:\eProjects\flare_extractor.points\Debug\link.write.1.tlog
c:\eProjects\flare_extractor.points\Debug\link-cvtres.read.1.tlog
c:\eProjects\flare_extractor.points\Debug\link-cvtres.write.1.tlog
C:\EPROJECTS\FLARE_EXTRACTOR.POINTS\DEBUG\MAIN.OBJ
c:\eProjects\flare_extractor.points\Debug\rc.command.1.tlog
c:\eProjects\flare_extractor.points\Debug\rc.read.1.tlog
c:\eProjects\flare_extractor.points\Debug\rc.write.1.tlog
c:\eProjects\flare_extractor.points\Debug\vc100.idb
C:\EPROJECTS\FLARE_EXTRACTOR.POINTS\DEBUG\VC100.PDB
